2018:07:19 13:20:40.612 INFO  --- [main] c.e.t3.MyServerSpringApplication : Starting MyServerSpringApplication on DESKTOP-3CD50QG with PID 8228 (C:\java\final\my-server-spring\target\classes started by TopA-11 in C:\java\final\my-server-spring) 
2018:07:19 13:20:40.620 INFO  --- [main] c.e.t3.MyServerSpringApplication : No active profile set, falling back to default profiles: default 
2018:07:19 13:20:40.655 INFO  --- [main] o.s.b.w.s.c.AnnotationConfigServletWebServerApplicationContext : Refreshing org.springframework.boot.web.servlet.context.AnnotationConfigServletWebServerApplicationContext@59fd97a8: startup date [Thu Jul 19 13:20:40 KST 2018]; root of context hierarchy 
2018:07:19 13:20:41.838 INFO  --- [main] o.s.b.w.e.tomcat.TomcatWebServer : Tomcat initialized with port(s): 8080 (http) 
2018:07:19 13:20:41.861 INFO  --- [main] o.a.catalina.core.StandardService : Starting service [Tomcat] 
2018:07:19 13:20:41.862 INFO  --- [main] o.a.catalina.core.StandardEngine : Starting Servlet Engine: Apache Tomcat/8.5.31 
2018:07:19 13:20:41.866 INFO  --- [localhost-startStop-1] o.a.c.core.AprLifecycleListener : The APR based Apache Tomcat Native library which allows optimal performance in production environments was not found on the java.library.path: [C:\Program Files\Java\jdk1.8.0_161\bin;C:\WINDOWS\Sun\Java\bin;C:\WINDOWS\system32;C:\WINDOWS;C:/Program Files/Java/jdk1.8.0_161/bin/../jre/bin/server;C:/Program Files/Java/jdk1.8.0_161/bin/../jre/bin;C:/Program Files/Java/jdk1.8.0_161/bin/../jre/lib/amd64;C:\Program Files\Java\jdk1.8.0_161\bin;C:\ProgramData\Oracle\Java\javapath;C:\app\TopA-11\product\11.2.0\client_1\bin;C:\WINDOWS\system32;C:\WINDOWS;C:\WINDOWS\System32\Wbem;C:\WINDOWS\System32\WindowsPowerShell\v1.0\;C:\Program Files\dotnet\;C:\Program Files\Microsoft SQL Server\130\Tools\Binn\;C:\Program Files\nodejs\;C:\Program Files\Android\Android Studio\jre\bin;C:\Users\TopA-11\AppData\Local\Android\Sdk\platform-tools;C:\Program Files\Microsoft SQL Server\120\Tools\Binn\;C:\Program Files\Common Files\Autodesk Shared\;C:\WINDOWS\System32\OpenSSH\;C:\app\TopA-11\product\11.2.0\client_1;C:\Program Files\Git\cmd;C:\Users\TopA-11\AppData\Local\Microsoft\WindowsApps;C:\Program Files\Bandizip\;C:\Users\TopA-11\AppData\Roaming\npm;C:\Users\TopA-11\AppData\Local\atom\bin;%USERPROFILE%\AppData\Local\Microsoft\WindowsApps;;C:\java\sts-bundle\sts-3.9.4.RELEASE;;.] 
2018:07:19 13:20:41.965 INFO  --- [localhost-startStop-1] o.a.c.c.C.[Tomcat].[localhost].[/] : Initializing Spring embedded WebApplicationContext 
2018:07:19 13:20:41.966 INFO  --- [localhost-startStop-1] o.s.web.context.ContextLoader : Root WebApplicationContext: initialization completed in 1311 ms 
2018:07:19 13:20:42.119 INFO  --- [localhost-startStop-1] o.s.b.w.s.ServletRegistrationBean : Servlet dispatcherServlet mapped to [/] 
2018:07:19 13:20:42.123 INFO  --- [localhost-startStop-1] o.s.b.w.s.FilterRegistrationBean : Mapping filter: 'characterEncodingFilter' to: [/*] 
2018:07:19 13:20:42.124 INFO  --- [localhost-startStop-1] o.s.b.w.s.FilterRegistrationBean : Mapping filter: 'hiddenHttpMethodFilter' to: [/*] 
2018:07:19 13:20:42.124 INFO  --- [localhost-startStop-1] o.s.b.w.s.FilterRegistrationBean : Mapping filter: 'httpPutFormContentFilter' to: [/*] 
2018:07:19 13:20:42.124 INFO  --- [localhost-startStop-1] o.s.b.w.s.FilterRegistrationBean : Mapping filter: 'requestContextFilter' to: [/*] 
2018:07:19 13:20:42.515 INFO  --- [main] o.s.j.datasource.init.ScriptUtils : Executing SQL script from class path resource [schema.sql] 
2018:07:19 13:20:42.541 WARN  --- [main] o.s.b.w.s.c.AnnotationConfigServletWebServerApplicationContext : Exception encountered during context initialization - cancelling refresh attempt: org.springframework.beans.factory.UnsatisfiedDependencyException: Error creating bean with name 'myServerSpringApplication': Unsatisfied dependency expressed through field 'detailPageMapper'; nested exception is org.springframework.beans.factory.UnsatisfiedDependencyException: Error creating bean with name 'detailPageMapper' defined in file [C:\java\final\my-server-spring\target\classes\com\example\t3\detailpage\repository\DetailPageMapper.class]: Unsatisfied dependency expressed through bean property 'sqlSessionFactory'; nested exception is org.springframework.beans.factory.BeanCreationException: Error creating bean with name 'sqlSessionFactory' defined in class path resource [com/example/t3/Config.class]: Bean instantiation via factory method failed; nested exception is org.springframework.beans.BeanInstantiationException: Failed to instantiate [org.apache.ibatis.session.SqlSessionFactory]: Factory method 'sqlSessionFactory' threw exception; nested exception is org.springframework.beans.factory.BeanCreationException: Error creating bean with name 'getDataSource' defined in class path resource [com/example/t3/Config.class]: Bean instantiation via factory method failed; nested exception is org.springframework.beans.BeanInstantiationException: Failed to instantiate [javax.sql.DataSource]: Factory method 'getDataSource' threw exception; nested exception is org.springframework.jdbc.datasource.init.ScriptStatementFailedException: Failed to execute SQL script statement #1 of class path resource [schema.sql]: CREATE TABLE t3_user ( `u_id` VARCHAR(50) NOT NULL COMMENT '이메일(계정아이디)', `u_pw` VARCHAR(20) NOT NULL COMMENT '비밀번호', `u_name` VARCHAR(20) NOT NULL COMMENT '이름', `u_profileimg` VARCHAR(200) COMMENT '프로필  이미지', `u_money` INT NOT NULL DEFAULT 0 COMMENT '보유금금액', `u_isAdmin` CHAR(1) NOT NULL DEFAULT 'F' COMMENT '관리자여부', PRIMARY KEY (u_id) ); nested exception is com.mysql.jdbc.exceptions.jdbc4.MySQLSyntaxErrorException: Table 't3_user' already exists 
2018:07:19 13:20:42.544 INFO  --- [main] o.a.catalina.core.StandardService : Stopping service [Tomcat] 
2018:07:19 13:20:42.556 INFO  --- [main] o.s.b.a.l.ConditionEvaluationReportLoggingListener : 

Error starting ApplicationContext. To display the conditions report re-run your application with 'debug' enabled. 
2018:07:19 13:20:42.564 ERROR --- [main] o.s.boot.SpringApplication : Application run failed 
org.springframework.beans.factory.UnsatisfiedDependencyException: Error creating bean with name 'myServerSpringApplication': Unsatisfied dependency expressed through field 'detailPageMapper'; nested exception is org.springframework.beans.factory.UnsatisfiedDependencyException: Error creating bean with name 'detailPageMapper' defined in file [C:\java\final\my-server-spring\target\classes\com\example\t3\detailpage\repository\DetailPageMapper.class]: Unsatisfied dependency expressed through bean property 'sqlSessionFactory'; nested exception is org.springframework.beans.factory.BeanCreationException: Error creating bean with name 'sqlSessionFactory' defined in class path resource [com/example/t3/Config.class]: Bean instantiation via factory method failed; nested exception is org.springframework.beans.BeanInstantiationException: Failed to instantiate [org.apache.ibatis.session.SqlSessionFactory]: Factory method 'sqlSessionFactory' threw exception; nested exception is org.springframework.beans.factory.BeanCreationException: Error creating bean with name 'getDataSource' defined in class path resource [com/example/t3/Config.class]: Bean instantiation via factory method failed; nested exception is org.springframework.beans.BeanInstantiationException: Failed to instantiate [javax.sql.DataSource]: Factory method 'getDataSource' threw exception; nested exception is org.springframework.jdbc.datasource.init.ScriptStatementFailedException: Failed to execute SQL script statement #1 of class path resource [schema.sql]: CREATE TABLE t3_user ( `u_id` VARCHAR(50) NOT NULL COMMENT '이메일(계정아이디)', `u_pw` VARCHAR(20) NOT NULL COMMENT '비밀번호', `u_name` VARCHAR(20) NOT NULL COMMENT '이름', `u_profileimg` VARCHAR(200) COMMENT '프로필  이미지', `u_money` INT NOT NULL DEFAULT 0 COMMENT '보유금금액', `u_isAdmin` CHAR(1) NOT NULL DEFAULT 'F' COMMENT '관리자여부', PRIMARY KEY (u_id) ); nested exception is com.mysql.jdbc.exceptions.jdbc4.MySQLSyntaxErrorException: Table 't3_user' already exists
	at org.springframework.beans.factory.annotation.AutowiredAnnotationBeanPostProcessor$AutowiredFieldElement.inject(AutowiredAnnotationBeanPostProcessor.java:587)
	at org.springframework.beans.factory.annotation.InjectionMetadata.inject(InjectionMetadata.java:91)
	at org.springframework.beans.factory.annotation.AutowiredAnnotationBeanPostProcessor.postProcessPropertyValues(AutowiredAnnotationBeanPostProcessor.java:373)
	at org.springframework.beans.factory.support.AbstractAutowireCapableBeanFactory.populateBean(AbstractAutowireCapableBeanFactory.java:1350)
	at org.springframework.beans.factory.support.AbstractAutowireCapableBeanFactory.doCreateBean(AbstractAutowireCapableBeanFactory.java:580)
	at org.springframework.beans.factory.support.AbstractAutowireCapableBeanFactory.createBean(AbstractAutowireCapableBeanFactory.java:503)
	at org.springframework.beans.factory.support.AbstractBeanFactory.lambda$doGetBean$0(AbstractBeanFactory.java:317)
	at org.springframework.beans.factory.support.DefaultSingletonBeanRegistry.getSingleton(DefaultSingletonBeanRegistry.java:222)
	at org.springframework.beans.factory.support.AbstractBeanFactory.doGetBean(AbstractBeanFactory.java:315)
	at org.springframework.beans.factory.support.AbstractBeanFactory.getBean(AbstractBeanFactory.java:199)
	at org.springframework.beans.factory.support.DefaultListableBeanFactory.preInstantiateSingletons(DefaultListableBeanFactory.java:760)
	at org.springframework.context.support.AbstractApplicationContext.finishBeanFactoryInitialization(AbstractApplicationContext.java:869)
	at org.springframework.context.support.AbstractApplicationContext.refresh(AbstractApplicationContext.java:550)
	at org.springframework.boot.web.servlet.context.ServletWebServerApplicationContext.refresh(ServletWebServerApplicationContext.java:140)
	at org.springframework.boot.SpringApplication.refresh(SpringApplication.java:759)
	at org.springframework.boot.SpringApplication.refreshContext(SpringApplication.java:395)
	at org.springframework.boot.SpringApplication.run(SpringApplication.java:327)
	at org.springframework.boot.SpringApplication.run(SpringApplication.java:1255)
	at org.springframework.boot.SpringApplication.run(SpringApplication.java:1243)
	at com.example.t3.MyServerSpringApplication.main(MyServerSpringApplication.java:23)
Caused by: org.springframework.beans.factory.UnsatisfiedDependencyException: Error creating bean with name 'detailPageMapper' defined in file [C:\java\final\my-server-spring\target\classes\com\example\t3\detailpage\repository\DetailPageMapper.class]: Unsatisfied dependency expressed through bean property 'sqlSessionFactory'; nested exception is org.springframework.beans.factory.BeanCreationException: Error creating bean with name 'sqlSessionFactory' defined in class path resource [com/example/t3/Config.class]: Bean instantiation via factory method failed; nested exception is org.springframework.beans.BeanInstantiationException: Failed to instantiate [org.apache.ibatis.session.SqlSessionFactory]: Factory method 'sqlSessionFactory' threw exception; nested exception is org.springframework.beans.factory.BeanCreationException: Error creating bean with name 'getDataSource' defined in class path resource [com/example/t3/Config.class]: Bean instantiation via factory method failed; nested exception is org.springframework.beans.BeanInstantiationException: Failed to instantiate [javax.sql.DataSource]: Factory method 'getDataSource' threw exception; nested exception is org.springframework.jdbc.datasource.init.ScriptStatementFailedException: Failed to execute SQL script statement #1 of class path resource [schema.sql]: CREATE TABLE t3_user ( `u_id` VARCHAR(50) NOT NULL COMMENT '이메일(계정아이디)', `u_pw` VARCHAR(20) NOT NULL COMMENT '비밀번호', `u_name` VARCHAR(20) NOT NULL COMMENT '이름', `u_profileimg` VARCHAR(200) COMMENT '프로필  이미지', `u_money` INT NOT NULL DEFAULT 0 COMMENT '보유금금액', `u_isAdmin` CHAR(1) NOT NULL DEFAULT 'F' COMMENT '관리자여부', PRIMARY KEY (u_id) ); nested exception is com.mysql.jdbc.exceptions.jdbc4.MySQLSyntaxErrorException: Table 't3_user' already exists
	at org.springframework.beans.factory.support.AbstractAutowireCapableBeanFactory.autowireByType(AbstractAutowireCapableBeanFactory.java:1445)
	at org.springframework.beans.factory.support.AbstractAutowireCapableBeanFactory.populateBean(AbstractAutowireCapableBeanFactory.java:1332)
	at org.springframework.beans.factory.support.AbstractAutowireCapableBeanFactory.doCreateBean(AbstractAutowireCapableBeanFactory.java:580)
	at org.springframework.beans.factory.support.AbstractAutowireCapableBeanFactory.createBean(AbstractAutowireCapableBeanFactory.java:503)
	at org.springframework.beans.factory.support.AbstractBeanFactory.lambda$doGetBean$0(AbstractBeanFactory.java:317)
	at org.springframework.beans.factory.support.DefaultSingletonBeanRegistry.getSingleton(DefaultSingletonBeanRegistry.java:222)
	at org.springframework.beans.factory.support.AbstractBeanFactory.doGetBean(AbstractBeanFactory.java:315)
	at org.springframework.beans.factory.support.AbstractBeanFactory.getBean(AbstractBeanFactory.java:199)
	at org.springframework.beans.factory.config.DependencyDescriptor.resolveCandidate(DependencyDescriptor.java:251)
	at org.springframework.beans.factory.support.DefaultListableBeanFactory.doResolveDependency(DefaultListableBeanFactory.java:1138)
	at org.springframework.beans.factory.support.DefaultListableBeanFactory.resolveDependency(DefaultListableBeanFactory.java:1065)
	at org.springframework.beans.factory.annotation.AutowiredAnnotationBeanPostProcessor$AutowiredFieldElement.inject(AutowiredAnnotationBeanPostProcessor.java:584)
	... 19 common frames omitted
Caused by: org.springframework.beans.factory.BeanCreationException: Error creating bean with name 'sqlSessionFactory' defined in class path resource [com/example/t3/Config.class]: Bean instantiation via factory method failed; nested exception is org.springframework.beans.BeanInstantiationException: Failed to instantiate [org.apache.ibatis.session.SqlSessionFactory]: Factory method 'sqlSessionFactory' threw exception; nested exception is org.springframework.beans.factory.BeanCreationException: Error creating bean with name 'getDataSource' defined in class path resource [com/example/t3/Config.class]: Bean instantiation via factory method failed; nested exception is org.springframework.beans.BeanInstantiationException: Failed to instantiate [javax.sql.DataSource]: Factory method 'getDataSource' threw exception; nested exception is org.springframework.jdbc.datasource.init.ScriptStatementFailedException: Failed to execute SQL script statement #1 of class path resource [schema.sql]: CREATE TABLE t3_user ( `u_id` VARCHAR(50) NOT NULL COMMENT '이메일(계정아이디)', `u_pw` VARCHAR(20) NOT NULL COMMENT '비밀번호', `u_name` VARCHAR(20) NOT NULL COMMENT '이름', `u_profileimg` VARCHAR(200) COMMENT '프로필  이미지', `u_money` INT NOT NULL DEFAULT 0 COMMENT '보유금금액', `u_isAdmin` CHAR(1) NOT NULL DEFAULT 'F' COMMENT '관리자여부', PRIMARY KEY (u_id) ); nested exception is com.mysql.jdbc.exceptions.jdbc4.MySQLSyntaxErrorException: Table 't3_user' already exists
	at org.springframework.beans.factory.support.ConstructorResolver.instantiateUsingFactoryMethod(ConstructorResolver.java:590)
	at org.springframework.beans.factory.support.AbstractAutowireCapableBeanFactory.instantiateUsingFactoryMethod(AbstractAutowireCapableBeanFactory.java:1256)
	at org.springframework.beans.factory.support.AbstractAutowireCapableBeanFactory.createBeanInstance(AbstractAutowireCapableBeanFactory.java:1105)
	at org.springframework.beans.factory.support.AbstractAutowireCapableBeanFactory.doCreateBean(AbstractAutowireCapableBeanFactory.java:543)
	at org.springframework.beans.factory.support.AbstractAutowireCapableBeanFactory.createBean(AbstractAutowireCapableBeanFactory.java:503)
	at org.springframework.beans.factory.support.AbstractBeanFactory.lambda$doGetBean$0(AbstractBeanFactory.java:317)
	at org.springframework.beans.factory.support.DefaultSingletonBeanRegistry.getSingleton(DefaultSingletonBeanRegistry.java:222)
	at org.springframework.beans.factory.support.AbstractBeanFactory.doGetBean(AbstractBeanFactory.java:315)
	at org.springframework.beans.factory.support.AbstractBeanFactory.getBean(AbstractBeanFactory.java:199)
	at org.springframework.beans.factory.config.DependencyDescriptor.resolveCandidate(DependencyDescriptor.java:251)
	at org.springframework.beans.factory.support.DefaultListableBeanFactory.doResolveDependency(DefaultListableBeanFactory.java:1138)
	at org.springframework.beans.factory.support.DefaultListableBeanFactory.resolveDependency(DefaultListableBeanFactory.java:1065)
	at org.springframework.beans.factory.support.AbstractAutowireCapableBeanFactory.autowireByType(AbstractAutowireCapableBeanFactory.java:1430)
	... 30 common frames omitted
Caused by: org.springframework.beans.BeanInstantiationException: Failed to instantiate [org.apache.ibatis.session.SqlSessionFactory]: Factory method 'sqlSessionFactory' threw exception; nested exception is org.springframework.beans.factory.BeanCreationException: Error creating bean with name 'getDataSource' defined in class path resource [com/example/t3/Config.class]: Bean instantiation via factory method failed; nested exception is org.springframework.beans.BeanInstantiationException: Failed to instantiate [javax.sql.DataSource]: Factory method 'getDataSource' threw exception; nested exception is org.springframework.jdbc.datasource.init.ScriptStatementFailedException: Failed to execute SQL script statement #1 of class path resource [schema.sql]: CREATE TABLE t3_user ( `u_id` VARCHAR(50) NOT NULL COMMENT '이메일(계정아이디)', `u_pw` VARCHAR(20) NOT NULL COMMENT '비밀번호', `u_name` VARCHAR(20) NOT NULL COMMENT '이름', `u_profileimg` VARCHAR(200) COMMENT '프로필  이미지', `u_money` INT NOT NULL DEFAULT 0 COMMENT '보유금금액', `u_isAdmin` CHAR(1) NOT NULL DEFAULT 'F' COMMENT '관리자여부', PRIMARY KEY (u_id) ); nested exception is com.mysql.jdbc.exceptions.jdbc4.MySQLSyntaxErrorException: Table 't3_user' already exists
	at org.springframework.beans.factory.support.SimpleInstantiationStrategy.instantiate(SimpleInstantiationStrategy.java:185)
	at org.springframework.beans.factory.support.ConstructorResolver.instantiateUsingFactoryMethod(ConstructorResolver.java:582)
	... 42 common frames omitted
Caused by: org.springframework.beans.factory.BeanCreationException: Error creating bean with name 'getDataSource' defined in class path resource [com/example/t3/Config.class]: Bean instantiation via factory method failed; nested exception is org.springframework.beans.BeanInstantiationException: Failed to instantiate [javax.sql.DataSource]: Factory method 'getDataSource' threw exception; nested exception is org.springframework.jdbc.datasource.init.ScriptStatementFailedException: Failed to execute SQL script statement #1 of class path resource [schema.sql]: CREATE TABLE t3_user ( `u_id` VARCHAR(50) NOT NULL COMMENT '이메일(계정아이디)', `u_pw` VARCHAR(20) NOT NULL COMMENT '비밀번호', `u_name` VARCHAR(20) NOT NULL COMMENT '이름', `u_profileimg` VARCHAR(200) COMMENT '프로필  이미지', `u_money` INT NOT NULL DEFAULT 0 COMMENT '보유금금액', `u_isAdmin` CHAR(1) NOT NULL DEFAULT 'F' COMMENT '관리자여부', PRIMARY KEY (u_id) ); nested exception is com.mysql.jdbc.exceptions.jdbc4.MySQLSyntaxErrorException: Table 't3_user' already exists
	at org.springframework.beans.factory.support.ConstructorResolver.instantiateUsingFactoryMethod(ConstructorResolver.java:590)
	at org.springframework.beans.factory.support.AbstractAutowireCapableBeanFactory.instantiateUsingFactoryMethod(AbstractAutowireCapableBeanFactory.java:1256)
	at org.springframework.beans.factory.support.AbstractAutowireCapableBeanFactory.createBeanInstance(AbstractAutowireCapableBeanFactory.java:1105)
	at org.springframework.beans.factory.support.AbstractAutowireCapableBeanFactory.doCreateBean(AbstractAutowireCapableBeanFactory.java:543)
	at org.springframework.beans.factory.support.AbstractAutowireCapableBeanFactory.createBean(AbstractAutowireCapableBeanFactory.java:503)
	at org.springframework.beans.factory.support.AbstractBeanFactory.lambda$doGetBean$0(AbstractBeanFactory.java:317)
	at org.springframework.beans.factory.support.DefaultSingletonBeanRegistry.getSingleton(DefaultSingletonBeanRegistry.java:222)
	at org.springframework.beans.factory.support.AbstractBeanFactory.doGetBean(AbstractBeanFactory.java:315)
	at org.springframework.beans.factory.support.AbstractBeanFactory.getBean(AbstractBeanFactory.java:199)
	at org.springframework.context.annotation.ConfigurationClassEnhancer$BeanMethodInterceptor.resolveBeanReference(ConfigurationClassEnhancer.java:392)
	at org.springframework.context.annotation.ConfigurationClassEnhancer$BeanMethodInterceptor.intercept(ConfigurationClassEnhancer.java:364)
	at com.example.t3.Config$$EnhancerBySpringCGLIB$$897bf3c8.getDataSource(<generated>)
	at com.example.t3.Config.sqlSessionFactory(Config.java:57)
	at com.example.t3.Config$$EnhancerBySpringCGLIB$$897bf3c8.CGLIB$sqlSessionFactory$1(<generated>)
	at com.example.t3.Config$$EnhancerBySpringCGLIB$$897bf3c8$$FastClassBySpringCGLIB$$cb5c8e47.invoke(<generated>)
	at org.springframework.cglib.proxy.MethodProxy.invokeSuper(MethodProxy.java:228)
	at org.springframework.context.annotation.ConfigurationClassEnhancer$BeanMethodInterceptor.intercept(ConfigurationClassEnhancer.java:361)
	at com.example.t3.Config$$EnhancerBySpringCGLIB$$897bf3c8.sqlSessionFactory(<generated>)
	at sun.reflect.NativeMethodAccessorImpl.invoke0(Native Method)
	at sun.reflect.NativeMethodAccessorImpl.invoke(NativeMethodAccessorImpl.java:62)
	at sun.reflect.DelegatingMethodAccessorImpl.invoke(DelegatingMethodAccessorImpl.java:43)
	at java.lang.reflect.Method.invoke(Method.java:498)
	at org.springframework.beans.factory.support.SimpleInstantiationStrategy.instantiate(SimpleInstantiationStrategy.java:154)
	... 43 common frames omitted
Caused by: org.springframework.beans.BeanInstantiationException: Failed to instantiate [javax.sql.DataSource]: Factory method 'getDataSource' threw exception; nested exception is org.springframework.jdbc.datasource.init.ScriptStatementFailedException: Failed to execute SQL script statement #1 of class path resource [schema.sql]: CREATE TABLE t3_user ( `u_id` VARCHAR(50) NOT NULL COMMENT '이메일(계정아이디)', `u_pw` VARCHAR(20) NOT NULL COMMENT '비밀번호', `u_name` VARCHAR(20) NOT NULL COMMENT '이름', `u_profileimg` VARCHAR(200) COMMENT '프로필  이미지', `u_money` INT NOT NULL DEFAULT 0 COMMENT '보유금금액', `u_isAdmin` CHAR(1) NOT NULL DEFAULT 'F' COMMENT '관리자여부', PRIMARY KEY (u_id) ); nested exception is com.mysql.jdbc.exceptions.jdbc4.MySQLSyntaxErrorException: Table 't3_user' already exists
	at org.springframework.beans.factory.support.SimpleInstantiationStrategy.instantiate(SimpleInstantiationStrategy.java:185)
	at org.springframework.beans.factory.support.ConstructorResolver.instantiateUsingFactoryMethod(ConstructorResolver.java:582)
	... 65 common frames omitted
Caused by: org.springframework.jdbc.datasource.init.ScriptStatementFailedException: Failed to execute SQL script statement #1 of class path resource [schema.sql]: CREATE TABLE t3_user ( `u_id` VARCHAR(50) NOT NULL COMMENT '이메일(계정아이디)', `u_pw` VARCHAR(20) NOT NULL COMMENT '비밀번호', `u_name` VARCHAR(20) NOT NULL COMMENT '이름', `u_profileimg` VARCHAR(200) COMMENT '프로필  이미지', `u_money` INT NOT NULL DEFAULT 0 COMMENT '보유금금액', `u_isAdmin` CHAR(1) NOT NULL DEFAULT 'F' COMMENT '관리자여부', PRIMARY KEY (u_id) ); nested exception is com.mysql.jdbc.exceptions.jdbc4.MySQLSyntaxErrorException: Table 't3_user' already exists
	at org.springframework.jdbc.datasource.init.ScriptUtils.executeSqlScript(ScriptUtils.java:494)
	at org.springframework.jdbc.datasource.init.ResourceDatabasePopulator.populate(ResourceDatabasePopulator.java:240)
	at org.springframework.jdbc.datasource.init.DatabasePopulatorUtils.execute(DatabasePopulatorUtils.java:48)
	at com.example.t3.Config.getDataSource(Config.java:42)
	at com.example.t3.Config$$EnhancerBySpringCGLIB$$897bf3c8.CGLIB$getDataSource$3(<generated>)
	at com.example.t3.Config$$EnhancerBySpringCGLIB$$897bf3c8$$FastClassBySpringCGLIB$$cb5c8e47.invoke(<generated>)
	at org.springframework.cglib.proxy.MethodProxy.invokeSuper(MethodProxy.java:228)
	at org.springframework.context.annotation.ConfigurationClassEnhancer$BeanMethodInterceptor.intercept(ConfigurationClassEnhancer.java:361)
	at com.example.t3.Config$$EnhancerBySpringCGLIB$$897bf3c8.getDataSource(<generated>)
	at sun.reflect.NativeMethodAccessorImpl.invoke0(Native Method)
	at sun.reflect.NativeMethodAccessorImpl.invoke(NativeMethodAccessorImpl.java:62)
	at sun.reflect.DelegatingMethodAccessorImpl.invoke(DelegatingMethodAccessorImpl.java:43)
	at java.lang.reflect.Method.invoke(Method.java:498)
	at org.springframework.beans.factory.support.SimpleInstantiationStrategy.instantiate(SimpleInstantiationStrategy.java:154)
	... 66 common frames omitted
Caused by: com.mysql.jdbc.exceptions.jdbc4.MySQLSyntaxErrorException: Table 't3_user' already exists
	at sun.reflect.NativeConstructorAccessorImpl.newInstance0(Native Method)
	at sun.reflect.NativeConstructorAccessorImpl.newInstance(NativeConstructorAccessorImpl.java:62)
	at sun.reflect.DelegatingConstructorAccessorImpl.newInstance(DelegatingConstructorAccessorImpl.java:45)
	at java.lang.reflect.Constructor.newInstance(Constructor.java:423)
	at com.mysql.jdbc.Util.handleNewInstance(Util.java:425)
	at com.mysql.jdbc.Util.getInstance(Util.java:408)
	at com.mysql.jdbc.SQLError.createSQLException(SQLError.java:944)
	at com.mysql.jdbc.MysqlIO.checkErrorPacket(MysqlIO.java:3976)
	at com.mysql.jdbc.MysqlIO.checkErrorPacket(MysqlIO.java:3912)
	at com.mysql.jdbc.MysqlIO.sendCommand(MysqlIO.java:2530)
	at com.mysql.jdbc.MysqlIO.sqlQueryDirect(MysqlIO.java:2683)
	at com.mysql.jdbc.ConnectionImpl.execSQL(ConnectionImpl.java:2482)
	at com.mysql.jdbc.ConnectionImpl.execSQL(ConnectionImpl.java:2440)
	at com.mysql.jdbc.StatementImpl.executeInternal(StatementImpl.java:845)
	at com.mysql.jdbc.StatementImpl.execute(StatementImpl.java:745)
	at org.apache.commons.dbcp.DelegatingStatement.execute(DelegatingStatement.java:264)
	at org.springframework.jdbc.datasource.init.ScriptUtils.executeSqlScript(ScriptUtils.java:473)
	... 79 common frames omitted
2018:07:19 13:22:10.076 INFO  --- [main] c.e.t3.MyServerSpringApplication : Starting MyServerSpringApplication on DESKTOP-3CD50QG with PID 7848 (C:\java\final\my-server-spring\target\classes started by TopA-11 in C:\java\final\my-server-spring) 
2018:07:19 13:22:10.080 INFO  --- [main] c.e.t3.MyServerSpringApplication : No active profile set, falling back to default profiles: default 
2018:07:19 13:22:10.116 INFO  --- [main] o.s.b.w.s.c.AnnotationConfigServletWebServerApplicationContext : Refreshing org.springframework.boot.web.servlet.context.AnnotationConfigServletWebServerApplicationContext@59fd97a8: startup date [Thu Jul 19 13:22:10 KST 2018]; root of context hierarchy 
2018:07:19 13:22:11.132 INFO  --- [main] o.s.b.w.e.tomcat.TomcatWebServer : Tomcat initialized with port(s): 8080 (http) 
2018:07:19 13:22:11.155 INFO  --- [main] o.a.catalina.core.StandardService : Starting service [Tomcat] 
2018:07:19 13:22:11.155 INFO  --- [main] o.a.catalina.core.StandardEngine : Starting Servlet Engine: Apache Tomcat/8.5.31 
2018:07:19 13:22:11.160 INFO  --- [localhost-startStop-1] o.a.c.core.AprLifecycleListener : The APR based Apache Tomcat Native library which allows optimal performance in production environments was not found on the java.library.path: [C:\Program Files\Java\jdk1.8.0_161\bin;C:\WINDOWS\Sun\Java\bin;C:\WINDOWS\system32;C:\WINDOWS;C:/Program Files/Java/jdk1.8.0_161/bin/../jre/bin/server;C:/Program Files/Java/jdk1.8.0_161/bin/../jre/bin;C:/Program Files/Java/jdk1.8.0_161/bin/../jre/lib/amd64;C:\Program Files\Java\jdk1.8.0_161\bin;C:\ProgramData\Oracle\Java\javapath;C:\app\TopA-11\product\11.2.0\client_1\bin;C:\WINDOWS\system32;C:\WINDOWS;C:\WINDOWS\System32\Wbem;C:\WINDOWS\System32\WindowsPowerShell\v1.0\;C:\Program Files\dotnet\;C:\Program Files\Microsoft SQL Server\130\Tools\Binn\;C:\Program Files\nodejs\;C:\Program Files\Android\Android Studio\jre\bin;C:\Users\TopA-11\AppData\Local\Android\Sdk\platform-tools;C:\Program Files\Microsoft SQL Server\120\Tools\Binn\;C:\Program Files\Common Files\Autodesk Shared\;C:\WINDOWS\System32\OpenSSH\;C:\app\TopA-11\product\11.2.0\client_1;C:\Program Files\Git\cmd;C:\Users\TopA-11\AppData\Local\Microsoft\WindowsApps;C:\Program Files\Bandizip\;C:\Users\TopA-11\AppData\Roaming\npm;C:\Users\TopA-11\AppData\Local\atom\bin;%USERPROFILE%\AppData\Local\Microsoft\WindowsApps;;C:\java\sts-bundle\sts-3.9.4.RELEASE;;.] 
2018:07:19 13:22:11.244 INFO  --- [localhost-startStop-1] o.a.c.c.C.[Tomcat].[localhost].[/] : Initializing Spring embedded WebApplicationContext 
2018:07:19 13:22:11.244 INFO  --- [localhost-startStop-1] o.s.web.context.ContextLoader : Root WebApplicationContext: initialization completed in 1128 ms 
2018:07:19 13:22:11.370 INFO  --- [localhost-startStop-1] o.s.b.w.s.ServletRegistrationBean : Servlet dispatcherServlet mapped to [/] 
2018:07:19 13:22:11.375 INFO  --- [localhost-startStop-1] o.s.b.w.s.FilterRegistrationBean : Mapping filter: 'characterEncodingFilter' to: [/*] 
2018:07:19 13:22:11.375 INFO  --- [localhost-startStop-1] o.s.b.w.s.FilterRegistrationBean : Mapping filter: 'hiddenHttpMethodFilter' to: [/*] 
2018:07:19 13:22:11.376 INFO  --- [localhost-startStop-1] o.s.b.w.s.FilterRegistrationBean : Mapping filter: 'httpPutFormContentFilter' to: [/*] 
2018:07:19 13:22:11.376 INFO  --- [localhost-startStop-1] o.s.b.w.s.FilterRegistrationBean : Mapping filter: 'requestContextFilter' to: [/*] 
2018:07:19 13:22:11.643 INFO  --- [main] o.s.j.datasource.init.ScriptUtils : Executing SQL script from class path resource [schema.sql] 
2018:07:19 13:28:36.814 INFO  --- [main] c.e.t3.MyServerSpringApplication : Starting MyServerSpringApplication on DESKTOP-3CD50QG with PID 7356 (C:\java\final\my-server-spring\target\classes started by TopA-11 in C:\java\final\my-server-spring) 
2018:07:19 13:28:36.852 INFO  --- [main] c.e.t3.MyServerSpringApplication : No active profile set, falling back to default profiles: default 
2018:07:19 13:28:36.888 INFO  --- [main] o.s.b.w.s.c.AnnotationConfigServletWebServerApplicationContext : Refreshing org.springframework.boot.web.servlet.context.AnnotationConfigServletWebServerApplicationContext@1afd44cb: startup date [Thu Jul 19 13:28:36 KST 2018]; root of context hierarchy 
2018:07:19 13:28:37.927 INFO  --- [main] o.s.b.w.e.tomcat.TomcatWebServer : Tomcat initialized with port(s): 8080 (http) 
2018:07:19 13:28:37.949 INFO  --- [main] o.a.catalina.core.StandardService : Starting service [Tomcat] 
2018:07:19 13:28:37.950 INFO  --- [main] o.a.catalina.core.StandardEngine : Starting Servlet Engine: Apache Tomcat/8.5.31 
2018:07:19 13:28:37.954 INFO  --- [localhost-startStop-1] o.a.c.core.AprLifecycleListener : The APR based Apache Tomcat Native library which allows optimal performance in production environments was not found on the java.library.path: [C:\Program Files\Java\jdk1.8.0_161\bin;C:\WINDOWS\Sun\Java\bin;C:\WINDOWS\system32;C:\WINDOWS;C:/Program Files/Java/jdk1.8.0_161/bin/../jre/bin/server;C:/Program Files/Java/jdk1.8.0_161/bin/../jre/bin;C:/Program Files/Java/jdk1.8.0_161/bin/../jre/lib/amd64;C:\Program Files\Java\jdk1.8.0_161\bin;C:\ProgramData\Oracle\Java\javapath;C:\app\TopA-11\product\11.2.0\client_1\bin;C:\WINDOWS\system32;C:\WINDOWS;C:\WINDOWS\System32\Wbem;C:\WINDOWS\System32\WindowsPowerShell\v1.0\;C:\Program Files\dotnet\;C:\Program Files\Microsoft SQL Server\130\Tools\Binn\;C:\Program Files\nodejs\;C:\Program Files\Android\Android Studio\jre\bin;C:\Users\TopA-11\AppData\Local\Android\Sdk\platform-tools;C:\Program Files\Microsoft SQL Server\120\Tools\Binn\;C:\Program Files\Common Files\Autodesk Shared\;C:\WINDOWS\System32\OpenSSH\;C:\app\TopA-11\product\11.2.0\client_1;C:\Program Files\Git\cmd;C:\Users\TopA-11\AppData\Local\Microsoft\WindowsApps;C:\Program Files\Bandizip\;C:\Users\TopA-11\AppData\Roaming\npm;C:\Users\TopA-11\AppData\Local\atom\bin;%USERPROFILE%\AppData\Local\Microsoft\WindowsApps;;C:\java\sts-bundle\sts-3.9.4.RELEASE;;.] 
2018:07:19 13:28:38.040 INFO  --- [localhost-startStop-1] o.a.c.c.C.[Tomcat].[localhost].[/] : Initializing Spring embedded WebApplicationContext 
2018:07:19 13:28:38.041 INFO  --- [localhost-startStop-1] o.s.web.context.ContextLoader : Root WebApplicationContext: initialization completed in 1154 ms 
2018:07:19 13:28:38.172 INFO  --- [localhost-startStop-1] o.s.b.w.s.ServletRegistrationBean : Servlet dispatcherServlet mapped to [/] 
2018:07:19 13:28:38.176 INFO  --- [localhost-startStop-1] o.s.b.w.s.FilterRegistrationBean : Mapping filter: 'characterEncodingFilter' to: [/*] 
2018:07:19 13:28:38.176 INFO  --- [localhost-startStop-1] o.s.b.w.s.FilterRegistrationBean : Mapping filter: 'hiddenHttpMethodFilter' to: [/*] 
2018:07:19 13:28:38.177 INFO  --- [localhost-startStop-1] o.s.b.w.s.FilterRegistrationBean : Mapping filter: 'httpPutFormContentFilter' to: [/*] 
2018:07:19 13:28:38.177 INFO  --- [localhost-startStop-1] o.s.b.w.s.FilterRegistrationBean : Mapping filter: 'requestContextFilter' to: [/*] 
2018:07:19 13:28:38.475 INFO  --- [main] o.s.j.datasource.init.ScriptUtils : Executing SQL script from class path resource [schema.sql] 
2018:07:19 13:28:39.941 INFO  --- [main] o.s.j.datasource.init.ScriptUtils : Executed SQL script from class path resource [schema.sql] in 1465 ms. 
2018:07:19 13:28:39.942 INFO  --- [main] o.s.j.datasource.init.ScriptUtils : Executing SQL script from class path resource [data.sql] 
2018:07:19 13:28:40.480 INFO  --- [main] o.s.j.datasource.init.ScriptUtils : Executed SQL script from class path resource [data.sql] in 537 ms. 
2018:07:19 13:28:40.727 INFO  --- [main] o.s.w.s.h.SimpleUrlHandlerMapping : Mapped URL path [/**/favicon.ico] onto handler of type [class org.springframework.web.servlet.resource.ResourceHttpRequestHandler] 
2018:07:19 13:28:40.926 INFO  --- [main] o.s.w.s.m.m.a.RequestMappingHandlerAdapter : Looking for @ControllerAdvice: org.springframework.boot.web.servlet.context.AnnotationConfigServletWebServerApplicationContext@1afd44cb: startup date [Thu Jul 19 13:28:36 KST 2018]; root of context hierarchy 
2018:07:19 13:28:40.994 INFO  --- [main] o.s.w.s.m.m.a.RequestMappingHandlerMapping : Mapped "{[/categories],methods=[GET]}" onto public java.util.List<com.example.t3.category.model.Category> com.example.t3.controller.CategoryController.getAllCategories() 
2018:07:19 13:28:40.999 INFO  --- [main] o.s.w.s.m.m.a.RequestMappingHandlerMapping : Mapped "{[/comment/reply/delete],methods=[POST]}" onto public void com.example.t3.controller.CommentController.deleteReply(com.example.t3.comment.model.Reply) 
2018:07:19 13:28:41.000 INFO  --- [main] o.s.w.s.m.m.a.RequestMappingHandlerMapping : Mapped "{[/comment/replies/{c_no}],methods=[GET]}" onto public java.util.List<com.example.t3.comment.model.Reply> com.example.t3.controller.CommentController.getReplies(int) 
2018:07:19 13:28:41.001 INFO  --- [main] o.s.w.s.m.m.a.RequestMappingHandlerMapping : Mapped "{[/comment/writeReply],methods=[POST]}" onto public void com.example.t3.controller.CommentController.insertReply(com.example.t3.comment.model.Reply) 
2018:07:19 13:28:41.001 INFO  --- [main] o.s.w.s.m.m.a.RequestMappingHandlerMapping : Mapped "{[/comment/delete],methods=[POST]}" onto public void com.example.t3.controller.CommentController.deleteComment(com.example.t3.comment.model.Comment) 
2018:07:19 13:28:41.002 INFO  --- [main] o.s.w.s.m.m.a.RequestMappingHandlerMapping : Mapped "{[/comment/write],methods=[POST]}" onto public void com.example.t3.controller.CommentController.insertComment(com.example.t3.comment.model.Comment) 
2018:07:19 13:28:41.003 INFO  --- [main] o.s.w.s.m.m.a.RequestMappingHandlerMapping : Mapped "{[/comment/{d_pageno}],methods=[GET]}" onto public java.util.List<com.example.t3.comment.model.Comment> com.example.t3.controller.CommentController.getComments(int) 
2018:07:19 13:28:41.006 INFO  --- [main] o.s.w.s.m.m.a.RequestMappingHandlerMapping : Mapped "{[/detailpages/user/{u_id}],methods=[GET]}" onto public com.example.t3.user.model.User com.example.t3.controller.DetailPageController.getUserByUserId(java.lang.String) 
2018:07:19 13:28:41.006 INFO  --- [main] o.s.w.s.m.m.a.RequestMappingHandlerMapping : Mapped "{[/detailpages/write],methods=[POST]}" onto public void com.example.t3.controller.DetailPageController.insertDetailpage(com.example.t3.detailpage.model.DetailPage) 
2018:07:19 13:28:41.007 INFO  --- [main] o.s.w.s.m.m.a.RequestMappingHandlerMapping : Mapped "{[/detailpages/{d_pageno}],methods=[GET]}" onto public com.example.t3.detailpage.model.DetailPage com.example.t3.controller.DetailPageController.getDetailPage(int) 
2018:07:19 13:28:41.007 INFO  --- [main] o.s.w.s.m.m.a.RequestMappingHandlerMapping : Mapped "{[/detailpages/like],methods=[POST]}" onto public com.example.t3.detailpage.model.DetailPage com.example.t3.controller.DetailPageController.incrementLikeCount(com.example.t3.detailpage.model.DetailPage) 
2018:07:19 13:28:41.008 INFO  --- [main] o.s.w.s.m.m.a.RequestMappingHandlerMapping : Mapped "{[/detailpages/category/{c_id}],methods=[GET]}" onto public java.util.List<com.example.t3.detailpage.model.DetailPage> com.example.t3.controller.DetailPageController.getDetailPageByCategoryId(int) 
2018:07:19 13:28:41.009 INFO  --- [main] o.s.w.s.m.m.a.RequestMappingHandlerMapping : Mapped "{[/detailpages],methods=[GET]}" onto public java.util.List<com.example.t3.detailpage.model.DetailPage> com.example.t3.controller.DetailPageController.getAllDetailPages() 
2018:07:19 13:28:41.010 INFO  --- [main] o.s.w.s.m.m.a.RequestMappingHandlerMapping : Mapped "{[/detailpages/dislike],methods=[POST]}" onto public com.example.t3.detailpage.model.DetailPage com.example.t3.controller.DetailPageController.decrementLikeCount(com.example.t3.detailpage.model.DetailPage) 
2018:07:19 13:28:41.010 INFO  --- [main] o.s.w.s.m.m.a.RequestMappingHandlerMapping : Mapped "{[/detailpages/recommended],methods=[GET]}" onto public java.util.List<com.example.t3.detailpage.model.DetailPage> com.example.t3.controller.DetailPageController.getRecommendedDetailPages() 
2018:07:19 13:28:41.011 INFO  --- [main] o.s.w.s.m.m.a.RequestMappingHandlerMapping : Mapped "{[/investInfo/invest],methods=[POST]}" onto public void com.example.t3.controller.InvestInfoController.investItem(com.example.t3.investInfo.model.InvestInfo) 
2018:07:19 13:28:41.013 INFO  --- [main] o.s.w.s.m.m.a.RequestMappingHandlerMapping : Mapped "{[/user/register],methods=[POST]}" onto public void com.example.t3.controller.UserController.registerUser(com.example.t3.user.model.User) 
2018:07:19 13:28:41.014 INFO  --- [main] o.s.w.s.m.m.a.RequestMappingHandlerMapping : Mapped "{[/user/login],methods=[POST]}" onto public com.example.t3.user.model.User com.example.t3.controller.UserController.login(com.example.t3.user.model.User) 
2018:07:19 13:28:41.016 INFO  --- [main] o.s.w.s.m.m.a.RequestMappingHandlerMapping : Mapped "{[/uploadFile],methods=[POST]}" onto public com.example.t3.fileupload.payload.UploadFileResponse com.example.t3.fileupload.FileController.uploadFile(org.springframework.web.multipart.MultipartFile) 
2018:07:19 13:28:41.017 INFO  --- [main] o.s.w.s.m.m.a.RequestMappingHandlerMapping : Mapped "{[/downloadFile/{fileName:.+}],methods=[GET]}" onto public org.springframework.http.ResponseEntity<org.springframework.core.io.Resource> com.example.t3.fileupload.FileController.downloadFile(java.lang.String,javax.servlet.http.HttpServletRequest) 
2018:07:19 13:28:41.017 INFO  --- [main] o.s.w.s.m.m.a.RequestMappingHandlerMapping : Mapped "{[/uploadMultipleFiles],methods=[POST]}" onto public java.util.List<com.example.t3.fileupload.payload.UploadFileResponse> com.example.t3.fileupload.FileController.uploadMultipleFiles(org.springframework.web.multipart.MultipartFile[]) 
2018:07:19 13:28:41.021 INFO  --- [main] o.s.w.s.m.m.a.RequestMappingHandlerMapping : Mapped "{[/error]}" onto public org.springframework.http.ResponseEntity<java.util.Map<java.lang.String, java.lang.Object>> org.springframework.boot.autoconfigure.web.servlet.error.BasicErrorController.error(javax.servlet.http.HttpServletRequest) 
2018:07:19 13:28:41.022 INFO  --- [main] o.s.w.s.m.m.a.RequestMappingHandlerMapping : Mapped "{[/error],produces=[text/html]}" onto public org.springframework.web.servlet.ModelAndView org.springframework.boot.autoconfigure.web.servlet.error.BasicErrorController.errorHtml(javax.servlet.http.HttpServletRequest,javax.servlet.http.HttpServletResponse) 
2018:07:19 13:28:41.049 INFO  --- [main] o.s.w.s.h.SimpleUrlHandlerMapping : Mapped URL path [/webjars/**] onto handler of type [class org.springframework.web.servlet.resource.ResourceHttpRequestHandler] 
2018:07:19 13:28:41.050 INFO  --- [main] o.s.w.s.h.SimpleUrlHandlerMapping : Mapped URL path [/**] onto handler of type [class org.springframework.web.servlet.resource.ResourceHttpRequestHandler] 
2018:07:19 13:28:41.375 INFO  --- [main] o.s.j.e.a.AnnotationMBeanExporter : Registering beans for JMX exposure on startup 
2018:07:19 13:28:41.412 INFO  --- [main] o.s.b.w.e.tomcat.TomcatWebServer : Tomcat started on port(s): 8080 (http) with context path '' 
2018:07:19 13:28:41.416 INFO  --- [main] c.e.t3.MyServerSpringApplication : Started MyServerSpringApplication in 4.982 seconds (JVM running for 5.663) 
